Determining if the pthread_create exist failed with the following output:
Change Dir: /home/bradpowers/groovy_workspace/sandbox/olinoboat/code/olinoboat/build/CMakeFiles/CMakeTmp

Run Build Command:/usr/bin/make "cmTryCompileExec1479041987/fast"
make[1]: Entering directory `/home/bradpowers/groovy_workspace/sandbox/olinoboat/code/olinoboat/build/CMakeFiles/CMakeTmp'
/usr/bin/make -f CMakeFiles/cmTryCompileExec1479041987.dir/build.make CMakeFiles/cmTryCompileExec1479041987.dir/build
make[2]: Entering directory `/home/bradpowers/groovy_workspace/sandbox/olinoboat/code/olinoboat/build/CMakeFiles/CMakeTmp'
/usr/bin/cmake -E cmake_progress_report /home/bradpowers/groovy_workspace/sandbox/olinoboat/code/olinoboat/build/CMakeFiles/CMakeTmp/CMakeFiles 1
Building C object CMakeFiles/cmTryCompileExec1479041987.dir/CheckSymbolExists.c.o
/usr/bin/gcc    -o CMakeFiles/cmTryCompileExec1479041987.dir/CheckSymbolExists.c.o   -c /home/bradpowers/groovy_workspace/sandbox/olinoboat/code/olinoboat/build/CMakeFiles/CMakeTmp/CheckSymbolExists.c
Linking C executable cmTryCompileExec1479041987
/usr/bin/cmake -E cmake_link_script CMakeFiles/cmTryCompileExec1479041987.dir/link.txt --verbose=1
/usr/bin/gcc         CMakeFiles/cmTryCompileExec1479041987.dir/CheckSymbolExists.c.o  -o cmTryCompileExec1479041987 -rdynamic 
CMakeFiles/cmTryCompileExec1479041987.dir/CheckSymbolExists.c.o: In function `main':
CheckSymbolExists.c:(.text+0xa): undefined reference to `pthread_create'
collect2: error: ld returned 1 exit status
make[2]: *** [cmTryCompileExec1479041987] Error 1
make[2]: Leaving directory `/home/bradpowers/groovy_workspace/sandbox/olinoboat/code/olinoboat/build/CMakeFiles/CMakeTmp'
make[1]: Leaving directory `/home/bradpowers/groovy_workspace/sandbox/olinoboat/code/olinoboat/build/CMakeFiles/CMakeTmp'
make[1]: *** [cmTryCompileExec1479041987/fast] Error 2

File /home/bradpowers/groovy_workspace/sandbox/olinoboat/code/olinoboat/build/CMakeFiles/CMakeTmp/CheckSymbolExists.c:
/* */
#include <pthread.h>

int main(int argc, char** argv)
{
  (void)argv;
#ifndef pthread_create
  return ((int*)(&pthread_create))[argc];
#else
  (void)argc;
  return 0;
#endif
}

Determining if the function pthread_create exists in the pthreads failed with the following output:
Change Dir: /home/bradpowers/groovy_workspace/sandbox/olinoboat/code/olinoboat/build/CMakeFiles/CMakeTmp

Run Build Command:/usr/bin/make "cmTryCompileExec2360986796/fast"
make[1]: Entering directory `/home/bradpowers/groovy_workspace/sandbox/olinoboat/code/olinoboat/build/CMakeFiles/CMakeTmp'
/usr/bin/make -f CMakeFiles/cmTryCompileExec2360986796.dir/build.make CMakeFiles/cmTryCompileExec2360986796.dir/build
make[2]: Entering directory `/home/bradpowers/groovy_workspace/sandbox/olinoboat/code/olinoboat/build/CMakeFiles/CMakeTmp'
/usr/bin/cmake -E cmake_progress_report /home/bradpowers/groovy_workspace/sandbox/olinoboat/code/olinoboat/build/CMakeFiles/CMakeTmp/CMakeFiles 1
Building C object CMakeFiles/cmTryCompileExec2360986796.dir/CheckFunctionExists.c.o
/usr/bin/gcc   -DCHECK_FUNCTION_EXISTS=pthread_create   -o CMakeFiles/cmTryCompileExec2360986796.dir/CheckFunctionExists.c.o   -c /usr/share/cmake-2.8/Modules/CheckFunctionExists.c
Linking C executable cmTryCompileExec2360986796
/usr/bin/cmake -E cmake_link_script CMakeFiles/cmTryCompileExec2360986796.dir/link.txt --verbose=1
/usr/bin/gcc     -DCHECK_FUNCTION_EXISTS=pthread_create    CMakeFiles/cmTryCompileExec2360986796.dir/CheckFunctionExists.c.o  -o cmTryCompileExec2360986796 -rdynamic -lpthreads 
/usr/bin/ld: cannot find -lpthreads
collect2: error: ld returned 1 exit status
make[2]: *** [cmTryCompileExec2360986796] Error 1
make[2]: Leaving directory `/home/bradpowers/groovy_workspace/sandbox/olinoboat/code/olinoboat/build/CMakeFiles/CMakeTmp'
make[1]: *** [cmTryCompileExec2360986796/fast] Error 2
make[1]: Leaving directory `/home/bradpowers/groovy_workspace/sandbox/olinoboat/code/olinoboat/build/CMakeFiles/CMakeTmp'


